1                                                          The SAS System                             10:35 Thursday, August 7, 2014

NOTE: Unable to open SASUSER.REGSTRY. WORK.REGSTRY will be opened instead.
NOTE: All registry changes will be lost at the end of the session.

WARNING: Unable to copy SASUSER registry to WORK registry. Because of this, you will not see registry customizations during this 
         session.
ERROR: Expecting page 1, got page -1 instead.
ERROR: Page validation error while reading SASUSER.PROFILE.CATALOG.
NOTE: Unable to open SASUSER.PROFILE. WORK.PROFILE will be opened instead.
NOTE: All profile changes will be lost at the end of the session.
NOTE: Copyright (c) 2002-2008 by SAS Institute Inc., Cary, NC, USA. 
NOTE: SAS (r) Proprietary Software 9.2 (TS1M0) 
      Licensed to EMORY UNIVERSITY - T&R, Site 0070008592.
NOTE: This session is executing on the W32_VSPRO  platform.



NOTE: SAS initialization used:
      real time           0.56 seconds
      cpu time            0.37 seconds
      
1          option validvarname = v6;libname src2rd 'C:\Users\SDPERE~1.EMO\AppData\Local\Temp\RtmpmWSDx7';
NOTE: Libref SRC2RD was successfully assigned as follows: 
      Engine:        V9 
      Physical Name: C:\Users\SDPERE~1.EMO\AppData\Local\Temp\RtmpmWSDx7
2          libname rd xport 'C:\Users\SDPERE~1.EMO\AppData\Local\Temp\RtmpmWSDx7\file170458ff728c';
NOTE: Libref RD was successfully assigned as follows: 
      Engine:        XPORT 
      Physical Name: C:\Users\SDPERE~1.EMO\AppData\Local\Temp\RtmpmWSDx7\file170458ff728c
3          proc copy in=src2rd out=rd;
4          select sn1 ;
NOTE: Copying SRC2RD.SN1 to RD.SN1 (memtype=DATA).
ERROR: An I/O error has occurred on file SRC2RD.SN1.DATA.
ERROR: File RD.SN1.DATA has not been saved because copy could not be completed.
NOTE: Statements not processed because of errors noted above.
NOTE: The SAS System stopped processing this step because of errors.
NOTE: PROCEDURE COPY used (Total process time):
      real time           0.04 seconds
      cpu time            0.04 seconds
      

ERROR: Errors printed on page 1.

NOTE: SAS Institute Inc., SAS Campus Drive, Cary, NC USA 27513-2414
NOTE: The SAS System used:
      real time           0.61 seconds
      cpu time            0.42 seconds
      
